<?xml version="1.0" encoding="UTF-8"?>
<!-- Generated by org.testng.reporters.JUnitXMLReporter -->
<testsuite ignored="0" hostname="bpn" failures="0" tests="8" name="Default test" time="109.416" errors="0" timestamp="2025-02-09T17:20:32 GMT+05:45">
  <testcase classname="AutomationPractice.Login" name="invaidlogin" time="1.46"/>
  <testcase classname="AutomationPractice.Login" name="login" time="0.163"/>
  <testcase classname="AutomationPractice.Login" name="addemployee" time="15.217"/>
  <testcase classname="AutomationPractice.Login" name="searchemployee" time="19.285"/>
  <testcase classname="AutomationPractice.Login" name="deleteemployee" time="24.535"/>
  <testcase classname="AutomationPractice.Login" name="myinfo" time="23.166"/>
  <testcase classname="AutomationPractice.Login" name="Buzz" time="12.583"/>
  <testcase classname="AutomationPractice.Login" name="forgotpassword" time="12.974"/>
</testsuite> <!-- Default test -->
