<?xml version="1.0" encoding="UTF-8"?>
<!-- Generated by org.testng.reporters.JUnitXMLReporter -->
<testsuite ignored="0" hostname="bpn" failures="0" tests="3" name="Default test" time="11.144" errors="0" timestamp="2025-02-08T17:23:35 GMT+05:45">
  <testcase classname="AutomationPractice.Login" name="invaidlogin" time="1.381"/>
  <testcase classname="AutomationPractice.Login" name="login" time="0.182"/>
  <testcase classname="AutomationPractice.Login" name="addemployee" time="9.557"/>
</testsuite> <!-- Default test -->
