<?xml version="1.0" encoding="UTF-8"?>
<testng-results ignored="0" total="8" passed="8" failed="0" skipped="0">
  <reporter-output>
  </reporter-output>
  <suite started-at="2025-02-09T17:18:42 GMT+05:45" name="Default suite" finished-at="2025-02-09T17:20:32 GMT+05:45" duration-ms="109416">
    <groups>
    </groups>
    <test started-at="2025-02-09T17:18:42 GMT+05:45" name="Default test" finished-at="2025-02-09T17:20:32 GMT+05:45" duration-ms="109416">
      <class name="AutomationPractice.Login">
        <test-method is-config="true" signature="setup()[pri:0, instance:AutomationPractice.Login@4218d6a3]" started-at="2025-02-09T17:18:38 GMT+05:45" name="setup" finished-at="2025-02-09T17:18:42 GMT+05:45" duration-ms="4434" status="PASS">
          <reporter-output>
          </reporter-output>
        </test-method> <!-- setup -->
        <test-method signature="invaidlogin()[pri:1, instance:AutomationPractice.Login@4218d6a3]" started-at="2025-02-09T17:18:42 GMT+05:45" name="invaidlogin" finished-at="2025-02-09T17:18:44 GMT+05:45" duration-ms="1460" status="PASS">
          <reporter-output>
          </reporter-output>
        </test-method> <!-- invaidlogin -->
        <test-method signature="login()[pri:2, instance:AutomationPractice.Login@4218d6a3]" started-at="2025-02-09T17:18:44 GMT+05:45" name="login" finished-at="2025-02-09T17:18:44 GMT+05:45" duration-ms="163" status="PASS">
          <reporter-output>
          </reporter-output>
        </test-method> <!-- login -->
        <test-method signature="addemployee()[pri:3, instance:AutomationPractice.Login@4218d6a3]" started-at="2025-02-09T17:18:44 GMT+05:45" name="addemployee" finished-at="2025-02-09T17:18:59 GMT+05:45" duration-ms="15217" status="PASS">
          <reporter-output>
          </reporter-output>
        </test-method> <!-- addemployee -->
        <test-method signature="searchemployee()[pri:4, instance:AutomationPractice.Login@4218d6a3]" started-at="2025-02-09T17:18:59 GMT+05:45" name="searchemployee" finished-at="2025-02-09T17:19:18 GMT+05:45" duration-ms="19285" status="PASS">
          <reporter-output>
          </reporter-output>
        </test-method> <!-- searchemployee -->
        <test-method signature="deleteemployee()[pri:5, instance:AutomationPractice.Login@4218d6a3]" started-at="2025-02-09T17:19:18 GMT+05:45" name="deleteemployee" finished-at="2025-02-09T17:19:43 GMT+05:45" duration-ms="24535" status="PASS">
          <reporter-output>
          </reporter-output>
        </test-method> <!-- deleteemployee -->
        <test-method signature="myinfo()[pri:6, instance:AutomationPractice.Login@4218d6a3]" started-at="2025-02-09T17:19:43 GMT+05:45" name="myinfo" finished-at="2025-02-09T17:20:06 GMT+05:45" duration-ms="23166" status="PASS">
          <reporter-output>
          </reporter-output>
        </test-method> <!-- myinfo -->
        <test-method signature="Buzz()[pri:7, instance:AutomationPractice.Login@4218d6a3]" started-at="2025-02-09T17:20:06 GMT+05:45" name="Buzz" finished-at="2025-02-09T17:20:19 GMT+05:45" duration-ms="12583" status="PASS">
          <reporter-output>
          </reporter-output>
        </test-method> <!-- Buzz -->
        <test-method signature="forgotpassword()[pri:8, instance:AutomationPractice.Login@4218d6a3]" started-at="2025-02-09T17:20:19 GMT+05:45" name="forgotpassword" finished-at="2025-02-09T17:20:32 GMT+05:45" duration-ms="12974" status="PASS">
          <reporter-output>
          </reporter-output>
        </test-method> <!-- forgotpassword -->
        <test-method is-config="true" signature="exit()[pri:0, instance:AutomationPractice.Login@4218d6a3]" started-at="2025-02-09T17:20:32 GMT+05:45" name="exit" finished-at="2025-02-09T17:20:37 GMT+05:45" duration-ms="5012" status="FAIL">
          <exception class="org.openqa.selenium.NoSuchSessionException">
            <message>
              <![CDATA[invalid session id
Build info: version: '4.28.1', revision: '73f5ad48a2'
System info: os.name: 'Windows 11', os.arch: 'amd64', os.version: '10.0', java.version: '23.0.1'
Driver info: org.openqa.selenium.chrome.ChromeDriver
Command: [7ca8a0397e46f09f39b18f6988460e83, close {}]
Capabilities {acceptInsecureCerts: false, browserName: chrome, browserVersion: 132.0.6834.160, chrome: {chromedriverVersion: 132.0.6834.159 (2d77d3fc445..., userDataDir: C:\WINDOWS\SystemTemp\scope...}, fedcm:accounts: true, goog:chromeOptions: {debuggerAddress: localhost:57242}, networkConnectionEnabled: false, pageLoadStrategy: normal, platformName: windows, proxy: Proxy(), se:cdp: ws://localhost:57242/devtoo..., se:cdpVersion: 132.0.6834.160, setWindowRect: true, strictFileInteractability: false, timeouts: {implicit: 0, pageLoad: 300000, script: 30000}, unhandledPromptBehavior: dismiss and notify, webauthn:extension:credBlob: true, webauthn:extension:largeBlob: true, webauthn:extension:minPinLength: true, webauthn:extension:prf: true, webauthn:virtualAuthenticators: true}
Session ID: 7ca8a0397e46f09f39b18f6988460e83]]>
            </message>
            <full-stacktrace>
              <![CDATA[org.openqa.selenium.NoSuchSessionException: invalid session id
Build info: version: '4.28.1', revision: '73f5ad48a2'
System info: os.name: 'Windows 11', os.arch: 'amd64', os.version: '10.0', java.version: '23.0.1'
Driver info: org.openqa.selenium.chrome.ChromeDriver
Command: [7ca8a0397e46f09f39b18f6988460e83, close {}]
Capabilities {acceptInsecureCerts: false, browserName: chrome, browserVersion: 132.0.6834.160, chrome: {chromedriverVersion: 132.0.6834.159 (2d77d3fc445..., userDataDir: C:\WINDOWS\SystemTemp\scope...}, fedcm:accounts: true, goog:chromeOptions: {debuggerAddress: localhost:57242}, networkConnectionEnabled: false, pageLoadStrategy: normal, platformName: windows, proxy: Proxy(), se:cdp: ws://localhost:57242/devtoo..., se:cdpVersion: 132.0.6834.160, setWindowRect: true, strictFileInteractability: false, timeouts: {implicit: 0, pageLoad: 300000, script: 30000}, unhandledPromptBehavior: dismiss and notify, webauthn:extension:credBlob: true, webauthn:extension:largeBlob: true, webauthn:extension:minPinLength: true, webauthn:extension:prf: true, webauthn:virtualAuthenticators: true}
Session ID: 7ca8a0397e46f09f39b18f6988460e83
at java.base/jdk.internal.reflect.DirectConstructorHandleAccessor.newInstance(DirectConstructorHandleAccessor.java:62)
at java.base/java.lang.reflect.Constructor.newInstanceWithCaller(Constructor.java:501)
at java.base/java.lang.reflect.Constructor.newInstance(Constructor.java:485)
at org.openqa.selenium.remote.ErrorCodec.decode(ErrorCodec.java:167)
at org.openqa.selenium.remote.codec.w3c.W3CHttpResponseCodec.decode(W3CHttpResponseCodec.java:138)
at org.openqa.selenium.remote.codec.w3c.W3CHttpResponseCodec.decode(W3CHttpResponseCodec.java:50)
at org.openqa.selenium.remote.HttpCommandExecutor.execute(HttpCommandExecutor.java:215)
at org.openqa.selenium.remote.service.DriverCommandExecutor.invokeExecute(DriverCommandExecutor.java:216)
at org.openqa.selenium.remote.service.DriverCommandExecutor.execute(DriverCommandExecutor.java:174)
at org.openqa.selenium.remote.RemoteWebDriver.execute(RemoteWebDriver.java:545)
at org.openqa.selenium.remote.RemoteWebDriver.execute(RemoteWebDriver.java:618)
at org.openqa.selenium.remote.RemoteWebDriver.execute(RemoteWebDriver.java:622)
at org.openqa.selenium.remote.RemoteWebDriver.close(RemoteWebDriver.java:418)
at AutomationPractice.DriverSetup.exit(DriverSetup.java:38)
at java.base/jdk.internal.reflect.DirectMethodHandleAccessor.invoke(DirectMethodHandleAccessor.java:103)
at java.base/java.lang.reflect.Method.invoke(Method.java:580)
at org.testng.internal.MethodInvocationHelper.invokeMethod(MethodInvocationHelper.java:133)
at org.testng.internal.MethodInvocationHelper.invokeMethodConsideringTimeout(MethodInvocationHelper.java:62)
at org.testng.internal.ConfigInvoker.invokeConfigurationMethod(ConfigInvoker.java:385)
at org.testng.internal.ConfigInvoker.invokeConfigurations(ConfigInvoker.java:321)
at org.testng.SuiteRunner.privateRun(SuiteRunner.java:344)
at org.testng.SuiteRunner.run(SuiteRunner.java:276)
at org.testng.SuiteRunnerWorker.runSuite(SuiteRunnerWorker.java:53)
at org.testng.SuiteRunnerWorker.run(SuiteRunnerWorker.java:96)
at org.testng.TestNG.runSuitesSequentially(TestNG.java:1212)
at org.testng.TestNG.runSuitesLocally(TestNG.java:1134)
at org.testng.TestNG.runSuites(TestNG.java:1063)
at org.testng.TestNG.run(TestNG.java:1031)
at org.testng.remote.AbstractRemoteTestNG.run(AbstractRemoteTestNG.java:115)
at org.testng.remote.RemoteTestNG.initAndRun(RemoteTestNG.java:293)
at org.testng.remote.RemoteTestNG.main(RemoteTestNG.java:91)
]]>
            </full-stacktrace>
          </exception> <!-- org.openqa.selenium.NoSuchSessionException -->
          <reporter-output>
          </reporter-output>
        </test-method> <!-- exit -->
      </class> <!-- AutomationPractice.Login -->
    </test> <!-- Default test -->
  </suite> <!-- Default suite -->
</testng-results>
